// 重构日志: 26f2eca6
// 重构日志: 40b0c454
// 重构日志: dafa6d69
// 重构日志: d0ebe32a
// 重构日志: e3ec45e1
// 重构日志: 192c71b6
// 同步 ID: ff841036 @ Thu Jul  2 17:58:14 UTC 2026
// 同步 ID: 859fe6f8 @ Fri Jul  3 09:54:04 UTC 2026
// 同步 ID: ec92eb63 @ Fri Jul  3 16:09:43 UTC 2026
// 同步 ID: 244ed52b @ Sat Jul  4 12:48:26 UTC 2026
// 重构日志: 7d512ca1
// 重构日志: c1d0d288
// 重构日志: 3bdbc39d
// 同步 ID: e074e5e9 @ Wed Jul 15 22:20:51 UTC 2026
// 重构日志: 07ead739
// 重构日志: 5e32fe12
// 同步 ID: e2e8028b @ Fri Jul 17 04:15:38 UTC 2026
// 同步 ID: a2b985ee @ Fri Jul 17 06:45:26 UTC 2026
// 重构日志: e8c2060a
// 重构日志: 49c55d45
// 重构日志: 4718d7f6
// 同步 ID: ca5a7fd8 @ Sat Jul 18 12:08:41 UTC 2026
// 重构日志: 22f3fd9a
// 重构日志: b2d01225
// 重构日志: 262b0e4c
// 同步 ID: 1341d1be @ Mon Jul 20 01:55:26 UTC 2026
// 重构日志: cf0a1df6
// 同步 ID: 08bae46f @ Mon Jul 20 08:56:10 UTC 2026
// 同步 ID: 93c0c9cb @ Mon Jul 20 11:52:39 UTC 2026
